[ 2016-11-22T11:39:21+08:00 ] 127.0.0.1 /hongxinqun/Public/Uploads/2016-11-21/583303ee5d29d.jpg
INFO: [ app_init ] --START--
INFO: Run Behavior\BuildLiteBehavior [ RunTime:0.000000s ]
INFO: [ app_init ] --END-- [ RunTime:0.001000s ]
ERR: 无法加载模块:Public

[ 2016-11-22T11:44:00+08:00 ] 127.0.0.1 /hongxinqun/Public/Uploads/2016-11-21/583303ee5d29d.jpg
INFO: [ app_init ] --START--
INFO: Run Behavior\BuildLiteBehavior [ RunTime:0.000000s ]
INFO: [ app_init ] --END-- [ RunTime:0.000000s ]
ERR: 无法加载模块:Public

[ 2016-11-22T11:44:00+08:00 ] 127.0.0.1 /hongxinqun/Public/Uploads/2016-11-21/583303ee5d29d.jpg
INFO: [ app_init ] --START--
INFO: Run Behavior\BuildLiteBehavior [ RunTime:0.000000s ]
INFO: [ app_init ] --END-- [ RunTime:0.000000s ]
ERR: 无法加载模块:Public

[ 2016-11-22T11:44:45+08:00 ] 127.0.0.1 /hongxinqun/Public/Uploads/2016-11-21/583303ee5d29d.jpg
INFO: [ app_init ] --START--
INFO: Run Behavior\BuildLiteBehavior [ RunTime:0.000000s ]
INFO: [ app_init ] --END-- [ RunTime:0.000000s ]
ERR: 无法加载模块:Public

[ 2016-11-22T11:45:23+08:00 ] 127.0.0.1 /hongxinqun/login
INFO: [ app_init ] --START--
INFO: Run Behavior\BuildLiteBehavior [ RunTime:0.000000s ]
INFO: [ app_init ] --END-- [ RunTime:0.000000s ]
ERR: 无法加载模块:Login

[ 2016-11-22T12:30:30+08:00 ] 127.0.0.1 /hongxinqun/Public/Uploads/2016-11-21/583303ee5d29d.jpg
INFO: [ app_init ] --START--
INFO: Run Behavior\BuildLiteBehavior [ RunTime:0.000000s ]
INFO: [ app_init ] --END-- [ RunTime:0.000000s ]
ERR: 无法加载模块:Public

[ 2016-11-22T12:30:30+08:00 ] 127.0.0.1 /hongxinqun/Public/Uploads/2016-11-21/583303ee5d29d.jpg
INFO: [ app_init ] --START--
INFO: Run Behavior\BuildLiteBehavior [ RunTime:0.000000s ]
INFO: [ app_init ] --END-- [ RunTime:0.001000s ]
ERR: 无法加载模块:Public

[ 2016-11-22T12:32:47+08:00 ] 127.0.0.1 /hongxinqun/Public/Uploads/2016-11-21/583303ee5d29d.jpg
INFO: [ app_init ] --START--
INFO: Run Behavior\BuildLiteBehavior [ RunTime:0.000000s ]
INFO: [ app_init ] --END-- [ RunTime:0.000000s ]
ERR: 无法加载模块:Public

[ 2016-11-22T12:32:47+08:00 ] 127.0.0.1 /hongxinqun/Public/Uploads/2016-11-21/583303ee5d29d.jpg
INFO: [ app_init ] --START--
INFO: Run Behavior\BuildLiteBehavior [ RunTime:0.000000s ]
INFO: [ app_init ] --END-- [ RunTime:0.000000s ]
ERR: 无法加载模块:Public

[ 2016-11-22T12:32:53+08:00 ] 127.0.0.1 /hongxinqun/Public/Uploads/2016-11-21/583303ee5d29d.jpg
INFO: [ app_init ] --START--
INFO: Run Behavior\BuildLiteBehavior [ RunTime:0.000000s ]
INFO: [ app_init ] --END-- [ RunTime:0.001000s ]
ERR: 无法加载模块:Public

[ 2016-11-22T12:32:53+08:00 ] 127.0.0.1 /hongxinqun/Public/Uploads/2016-11-21/583303ee5d29d.jpg
INFO: [ app_init ] --START--
INFO: Run Behavior\BuildLiteBehavior [ RunTime:0.000000s ]
INFO: [ app_init ] --END-- [ RunTime:0.001000s ]
ERR: 无法加载模块:Public

[ 2016-11-22T12:34:36+08:00 ] 127.0.0.1 /hongxinqun/Public/Uploads/2016-11-21/583303ee5d29d.jpg
INFO: [ app_init ] --START--
INFO: Run Behavior\BuildLiteBehavior [ RunTime:0.000000s ]
INFO: [ app_init ] --END-- [ RunTime:0.000000s ]
ERR: 无法加载模块:Public

[ 2016-11-22T12:34:36+08:00 ] 127.0.0.1 /hongxinqun/Public/Uploads/2016-11-21/583303ee5d29d.jpg
INFO: [ app_init ] --START--
INFO: Run Behavior\BuildLiteBehavior [ RunTime:0.000000s ]
INFO: [ app_init ] --END-- [ RunTime:0.000000s ]
ERR: 无法加载模块:Public

[ 2016-11-22T12:34:45+08:00 ] 127.0.0.1 /hongxinqun/Public/Uploads/2016-11-21/583303ee5d29d.jpg
INFO: [ app_init ] --START--
INFO: Run Behavior\BuildLiteBehavior [ RunTime:0.000000s ]
INFO: [ app_init ] --END-- [ RunTime:0.001000s ]
ERR: 无法加载模块:Public

[ 2016-11-22T12:34:45+08:00 ] 127.0.0.1 /hongxinqun/Public/Uploads/2016-11-21/583303ee5d29d.jpg
INFO: [ app_init ] --START--
INFO: Run Behavior\BuildLiteBehavior [ RunTime:0.000000s ]
INFO: [ app_init ] --END-- [ RunTime:0.000000s ]
ERR: 无法加载模块:Public

[ 2016-11-22T13:00:34+08:00 ] 127.0.0.1 /hongxinqun/Public/undefined
INFO: [ app_init ] --START--
INFO: Run Behavior\BuildLiteBehavior [ RunTime:0.000000s ]
INFO: [ app_init ] --END-- [ RunTime:0.000000s ]
ERR: 无法加载模块:Public

[ 2016-11-22T17:05:46+08:00 ] ::1 /hongxinqun/Public/home/images/icon_20150706.png
INFO: [ app_init ] --START--
INFO: Run Behavior\BuildLiteBehavior [ RunTime:0.000000s ]
INFO: [ app_init ] --END-- [ RunTime:0.000000s ]
ERR: 无法加载模块:Public

[ 2016-11-22T17:05:51+08:00 ] ::1 /hongxinqun/Public/home/images/icon_20150706.png
INFO: [ app_init ] --START--
INFO: Run Behavior\BuildLiteBehavior [ RunTime:0.000000s ]
INFO: [ app_init ] --END-- [ RunTime:0.000000s ]
ERR: 无法加载模块:Public

[ 2016-11-22T17:06:03+08:00 ] ::1 /hongxinqun/Public/home/images/icon_20150706.png
INFO: [ app_init ] --START--
INFO: Run Behavior\BuildLiteBehavior [ RunTime:0.000000s ]
INFO: [ app_init ] --END-- [ RunTime:0.001000s ]
ERR: 无法加载模块:Public

[ 2016-11-22T17:08:53+08:00 ] ::1 /hongxinqun/Public/home/images/icon_20150706.png
INFO: [ app_init ] --START--
INFO: Run Behavior\BuildLiteBehavior [ RunTime:0.000000s ]
INFO: [ app_init ] --END-- [ RunTime:0.001000s ]
ERR: 无法加载模块:Public

[ 2016-11-22T17:10:36+08:00 ] ::1 /hongxinqun/Public/home/images/icon_20150706.png
INFO: [ app_init ] --START--
INFO: Run Behavior\BuildLiteBehavior [ RunTime:0.000000s ]
INFO: [ app_init ] --END-- [ RunTime:0.000000s ]
ERR: 无法加载模块:Public

[ 2016-11-22T17:18:35+08:00 ] 127.0.0.1 /hongxinqun/Public/home/images/icon_20150706.png
INFO: [ app_init ] --START--
INFO: Run Behavior\BuildLiteBehavior [ RunTime:0.000000s ]
INFO: [ app_init ] --END-- [ RunTime:0.001000s ]
ERR: 无法加载模块:Public

