[ 2016-11-22T00:11:28+08:00 ] 127.0.0.1 /hongxinqun/index.php/Admin/Cooking/index.html
INFO: [ app_init ] --START--
INFO: Run Behavior\BuildLiteBehavior [ RunTime:0.000014s ]
INFO: [ app_init ] --END-- [ RunTime:0.000348s ]
INFO: [ app_begin ] --START--
INFO: Run Behavior\ReadHtmlCacheBehavior [ RunTime:0.000586s ]
INFO: [ app_begin ] --END-- [ RunTime:0.000648s ]
SQL: SHOW COLUMNS FROM `orders_detail` [ RunTime:0.0030s ]
SQL: SELECT * FROM `orders_detail` WHERE ( status != 2 ) ORDER BY addtime ASC  [ RunTime:0.0003s ]
INFO: [ view_parse ] --START--
INFO: [ template_filter ] --START--
INFO: Run Behavior\ContentReplaceBehavior [ RunTime:0.000245s ]
INFO: [ template_filter ] --END-- [ RunTime:0.000302s ]
NOTIC: [8] Undefined index: desk F:\wamp\www\hongxinqun\Application\Runtime\Cache\Admin\6351426592d71d1de7d00033be7a715f.php 第 429 行.
NOTIC: [8] Undefined index: desk F:\wamp\www\hongxinqun\Application\Runtime\Cache\Admin\6351426592d71d1de7d00033be7a715f.php 第 429 行.
NOTIC: [8] Undefined index: desk F:\wamp\www\hongxinqun\Application\Runtime\Cache\Admin\6351426592d71d1de7d00033be7a715f.php 第 429 行.
INFO: Run Behavior\ParseTemplateBehavior [ RunTime:0.015604s ]
INFO: [ view_parse ] --END-- [ RunTime:0.015673s ]
INFO: [ view_filter ] --START--
INFO: Run Behavior\WriteHtmlCacheBehavior [ RunTime:0.000249s ]
INFO: [ view_filter ] --END-- [ RunTime:0.000293s ]
INFO: [ app_end ] --START--
INFO: Run Behavior\ShowPageTraceBehavior [ RunTime:0.000486s ]
INFO: [ app_end ] --END-- [ RunTime:0.000527s ]

[ 2016-11-22T00:12:38+08:00 ] 127.0.0.1 /hongxinqun/index.php/Admin/Cooking/index.html
INFO: [ app_init ] --START--
INFO: Run Behavior\BuildLiteBehavior [ RunTime:0.000014s ]
INFO: [ app_init ] --END-- [ RunTime:0.000332s ]
INFO: [ app_begin ] --START--
INFO: Run Behavior\ReadHtmlCacheBehavior [ RunTime:0.000709s ]
INFO: [ app_begin ] --END-- [ RunTime:0.000758s ]
SQL: SHOW COLUMNS FROM `orders_detail` [ RunTime:0.0036s ]
SQL: SELECT * FROM `orders_detail` WHERE ( status != 2 ) ORDER BY addtime ASC  [ RunTime:0.0003s ]
INFO: [ view_parse ] --START--
INFO: [ template_filter ] --START--
INFO: Run Behavior\ContentReplaceBehavior [ RunTime:0.000217s ]
INFO: [ template_filter ] --END-- [ RunTime:0.000278s ]
NOTIC: [8] Undefined index: desk F:\wamp\www\hongxinqun\Application\Runtime\Cache\Admin\6351426592d71d1de7d00033be7a715f.php 第 429 行.
NOTIC: [8] Undefined index: desk F:\wamp\www\hongxinqun\Application\Runtime\Cache\Admin\6351426592d71d1de7d00033be7a715f.php 第 429 行.
NOTIC: [8] Undefined index: desk F:\wamp\www\hongxinqun\Application\Runtime\Cache\Admin\6351426592d71d1de7d00033be7a715f.php 第 429 行.
INFO: Run Behavior\ParseTemplateBehavior [ RunTime:0.015175s ]
INFO: [ view_parse ] --END-- [ RunTime:0.015243s ]
INFO: [ view_filter ] --START--
INFO: Run Behavior\WriteHtmlCacheBehavior [ RunTime:0.000251s ]
INFO: [ view_filter ] --END-- [ RunTime:0.000293s ]
INFO: [ app_end ] --START--
INFO: Run Behavior\ShowPageTraceBehavior [ RunTime:0.000488s ]
INFO: [ app_end ] --END-- [ RunTime:0.000533s ]

[ 2016-11-22T00:13:36+08:00 ] 127.0.0.1 /hongxinqun/index.php/Admin/Cooking/index.html
INFO: [ app_init ] --START--
INFO: Run Behavior\BuildLiteBehavior [ RunTime:0.000015s ]
INFO: [ app_init ] --END-- [ RunTime:0.000413s ]
INFO: [ app_begin ] --START--
INFO: Run Behavior\ReadHtmlCacheBehavior [ RunTime:0.000968s ]
INFO: [ app_begin ] --END-- [ RunTime:0.001149s ]
SQL: SHOW COLUMNS FROM `orders_detail` [ RunTime:0.0032s ]
SQL: SELECT * FROM `orders_detail` WHERE ( status != 2 ) ORDER BY addtime ASC  [ RunTime:0.0003s ]
INFO: [ view_parse ] --START--
INFO: [ template_filter ] --START--
INFO: Run Behavior\ContentReplaceBehavior [ RunTime:0.000256s ]
INFO: [ template_filter ] --END-- [ RunTime:0.000330s ]
NOTIC: [8] Undefined index: desk F:\wamp\www\hongxinqun\Application\Runtime\Cache\Admin\6351426592d71d1de7d00033be7a715f.php 第 429 行.
NOTIC: [8] Undefined index: desk F:\wamp\www\hongxinqun\Application\Runtime\Cache\Admin\6351426592d71d1de7d00033be7a715f.php 第 429 行.
INFO: Run Behavior\ParseTemplateBehavior [ RunTime:0.017168s ]
INFO: [ view_parse ] --END-- [ RunTime:0.017239s ]
INFO: [ view_filter ] --START--
INFO: Run Behavior\WriteHtmlCacheBehavior [ RunTime:0.000358s ]
INFO: [ view_filter ] --END-- [ RunTime:0.000401s ]
INFO: [ app_end ] --START--
INFO: Run Behavior\ShowPageTraceBehavior [ RunTime:0.000599s ]
INFO: [ app_end ] --END-- [ RunTime:0.000642s ]

[ 2016-11-22T00:13:55+08:00 ] 127.0.0.1 /hongxinqun/index.php/Admin/Cooking/index.html
INFO: [ app_init ] --START--
INFO: Run Behavior\BuildLiteBehavior [ RunTime:0.000017s ]
INFO: [ app_init ] --END-- [ RunTime:0.000515s ]
INFO: [ app_begin ] --START--
INFO: Run Behavior\ReadHtmlCacheBehavior [ RunTime:0.001063s ]
INFO: [ app_begin ] --END-- [ RunTime:0.001121s ]
SQL: SHOW COLUMNS FROM `orders_detail` [ RunTime:0.0033s ]
SQL: SELECT * FROM `orders_detail` WHERE ( status != 2 ) ORDER BY addtime ASC  [ RunTime:0.0005s ]
INFO: [ view_parse ] --START--
INFO: [ template_filter ] --START--
INFO: Run Behavior\ContentReplaceBehavior [ RunTime:0.000235s ]
INFO: [ template_filter ] --END-- [ RunTime:0.000293s ]
NOTIC: [8] Undefined index: desk F:\wamp\www\hongxinqun\Application\Runtime\Cache\Admin\6351426592d71d1de7d00033be7a715f.php 第 429 行.
INFO: Run Behavior\ParseTemplateBehavior [ RunTime:0.017076s ]
INFO: [ view_parse ] --END-- [ RunTime:0.017163s ]
INFO: [ view_filter ] --START--
INFO: Run Behavior\WriteHtmlCacheBehavior [ RunTime:0.000851s ]
INFO: [ view_filter ] --END-- [ RunTime:0.000905s ]
INFO: [ app_end ] --START--
INFO: Run Behavior\ShowPageTraceBehavior [ RunTime:0.000934s ]
INFO: [ app_end ] --END-- [ RunTime:0.000985s ]

[ 2016-11-22T00:14:30+08:00 ] 127.0.0.1 /hongxinqun/index.php/Admin/Cooking/index.html
INFO: [ app_init ] --START--
INFO: Run Behavior\BuildLiteBehavior [ RunTime:0.000016s ]
INFO: [ app_init ] --END-- [ RunTime:0.000466s ]
INFO: [ app_begin ] --START--
INFO: Run Behavior\ReadHtmlCacheBehavior [ RunTime:0.000890s ]
INFO: [ app_begin ] --END-- [ RunTime:0.000947s ]
SQL: SHOW COLUMNS FROM `orders_detail` [ RunTime:0.0031s ]
SQL: SELECT * FROM `orders_detail` WHERE ( status != 2 ) ORDER BY addtime ASC  [ RunTime:0.0003s ]
INFO: [ view_parse ] --START--
INFO: [ template_filter ] --START--
INFO: Run Behavior\ContentReplaceBehavior [ RunTime:0.000233s ]
INFO: [ template_filter ] --END-- [ RunTime:0.000293s ]
NOTIC: [8] Undefined index: desk F:\wamp\www\hongxinqun\Application\Runtime\Cache\Admin\6351426592d71d1de7d00033be7a715f.php 第 429 行.
NOTIC: [8] Undefined index: desk F:\wamp\www\hongxinqun\Application\Runtime\Cache\Admin\6351426592d71d1de7d00033be7a715f.php 第 429 行.
NOTIC: [8] Undefined index: desk F:\wamp\www\hongxinqun\Application\Runtime\Cache\Admin\6351426592d71d1de7d00033be7a715f.php 第 429 行.
INFO: Run Behavior\ParseTemplateBehavior [ RunTime:0.017106s ]
INFO: [ view_parse ] --END-- [ RunTime:0.017175s ]
INFO: [ view_filter ] --START--
INFO: Run Behavior\WriteHtmlCacheBehavior [ RunTime:0.000717s ]
INFO: [ view_filter ] --END-- [ RunTime:0.000764s ]
INFO: [ app_end ] --START--
INFO: Run Behavior\ShowPageTraceBehavior [ RunTime:0.000895s ]
INFO: [ app_end ] --END-- [ RunTime:0.000937s ]

[ 2016-11-22T00:14:32+08:00 ] 127.0.0.1 /hongxinqun/index.php/Admin/Cooking/edit/id/150/status/1.html
INFO: [ app_init ] --START--
INFO: Run Behavior\BuildLiteBehavior [ RunTime:0.000015s ]
INFO: [ app_init ] --END-- [ RunTime:0.000429s ]
INFO: [ app_begin ] --START--
INFO: Run Behavior\ReadHtmlCacheBehavior [ RunTime:0.000951s ]
INFO: [ app_begin ] --END-- [ RunTime:0.001002s ]
SQL: SHOW COLUMNS FROM `orders_detail` [ RunTime:0.0050s ]
SQL: UPDATE `orders_detail` SET `status`='1' WHERE ( id = 150 ) [ RunTime:0.1612s ]

[ 2016-11-22T00:14:33+08:00 ] 127.0.0.1 /hongxinqun/index.php/Admin/Cooking/index.html
INFO: [ app_init ] --START--
INFO: Run Behavior\BuildLiteBehavior [ RunTime:0.000018s ]
INFO: [ app_init ] --END-- [ RunTime:0.000538s ]
INFO: [ app_begin ] --START--
INFO: Run Behavior\ReadHtmlCacheBehavior [ RunTime:0.000952s ]
INFO: [ app_begin ] --END-- [ RunTime:0.001045s ]
SQL: SHOW COLUMNS FROM `orders_detail` [ RunTime:0.0035s ]
SQL: SELECT * FROM `orders_detail` WHERE ( status != 2 ) ORDER BY addtime ASC  [ RunTime:0.0005s ]
INFO: [ view_parse ] --START--
INFO: [ template_filter ] --START--
INFO: Run Behavior\ContentReplaceBehavior [ RunTime:0.000228s ]
INFO: [ template_filter ] --END-- [ RunTime:0.000290s ]
NOTIC: [8] Undefined index: desk F:\wamp\www\hongxinqun\Application\Runtime\Cache\Admin\6351426592d71d1de7d00033be7a715f.php 第 429 行.
NOTIC: [8] Undefined index: desk F:\wamp\www\hongxinqun\Application\Runtime\Cache\Admin\6351426592d71d1de7d00033be7a715f.php 第 429 行.
NOTIC: [8] Undefined index: desk F:\wamp\www\hongxinqun\Application\Runtime\Cache\Admin\6351426592d71d1de7d00033be7a715f.php 第 429 行.
INFO: Run Behavior\ParseTemplateBehavior [ RunTime:0.019302s ]
INFO: [ view_parse ] --END-- [ RunTime:0.019396s ]
INFO: [ view_filter ] --START--
INFO: Run Behavior\WriteHtmlCacheBehavior [ RunTime:0.001152s ]
INFO: [ view_filter ] --END-- [ RunTime:0.001228s ]
INFO: [ app_end ] --START--
INFO: Run Behavior\ShowPageTraceBehavior [ RunTime:0.001549s ]
INFO: [ app_end ] --END-- [ RunTime:0.001643s ]

[ 2016-11-22T00:19:50+08:00 ] 127.0.0.1 /hongxinqun/index.php/Admin/Help/doCheckout.html
INFO: [ app_init ] --START--
INFO: Run Behavior\BuildLiteBehavior [ RunTime:0.000015s ]
INFO: [ app_init ] --END-- [ RunTime:0.000456s ]
INFO: [ app_begin ] --START--
INFO: Run Behavior\ReadHtmlCacheBehavior [ RunTime:0.000905s ]
INFO: [ app_begin ] --END-- [ RunTime:0.000961s ]
SQL: SHOW COLUMNS FROM `orders` [ RunTime:0.0029s ]
SQL: SELECT * FROM `orders` WHERE `desk` = 3 AND `status` = 0  [ RunTime:0.0002s ]
SQL: SHOW COLUMNS FROM `orders_detail` [ RunTime:0.0028s ]
SQL: SELECT * FROM `orders_detail` WHERE ( orderid =  2016112126687 and status in(0,1) )  [ RunTime:0.0003s ]
INFO: [ app_end ] --START--
INFO: Run Behavior\ShowPageTraceBehavior [ RunTime:0.001012s ]
INFO: [ app_end ] --END-- [ RunTime:0.001064s ]

[ 2016-11-22T00:19:50+08:00 ] 127.0.0.1 /hongxinqun/index.php/Admin/Help/doCheckout.html
INFO: [ app_init ] --START--
INFO: Run Behavior\BuildLiteBehavior [ RunTime:0.000025s ]
INFO: [ app_init ] --END-- [ RunTime:0.000569s ]
INFO: [ app_begin ] --START--
INFO: Run Behavior\ReadHtmlCacheBehavior [ RunTime:0.000967s ]
INFO: [ app_begin ] --END-- [ RunTime:0.001037s ]
SQL: SHOW COLUMNS FROM `orders` [ RunTime:0.0053s ]
SQL: SELECT * FROM `orders` WHERE `desk` = 3 AND `status` = 0  [ RunTime:0.0002s ]
SQL: SHOW COLUMNS FROM `orders_detail` [ RunTime:0.0030s ]
SQL: SELECT * FROM `orders_detail` WHERE ( orderid =  2016112126687 and status in(0,1) )  [ RunTime:0.0003s ]
INFO: [ app_end ] --START--
INFO: Run Behavior\ShowPageTraceBehavior [ RunTime:0.000742s ]
INFO: [ app_end ] --END-- [ RunTime:0.000789s ]

[ 2016-11-22T00:19:50+08:00 ] 127.0.0.1 /hongxinqun/index.php/Admin/Help/doCheckout.html
INFO: [ app_init ] --START--
INFO: Run Behavior\BuildLiteBehavior [ RunTime:0.000027s ]
INFO: [ app_init ] --END-- [ RunTime:0.000558s ]
INFO: [ app_begin ] --START--
INFO: Run Behavior\ReadHtmlCacheBehavior [ RunTime:0.001051s ]
INFO: [ app_begin ] --END-- [ RunTime:0.001141s ]
SQL: SHOW COLUMNS FROM `orders` [ RunTime:0.0029s ]
SQL: SELECT * FROM `orders` WHERE `desk` = 3 AND `status` = 0  [ RunTime:0.0002s ]
SQL: SHOW COLUMNS FROM `orders_detail` [ RunTime:0.0033s ]
SQL: SELECT * FROM `orders_detail` WHERE ( orderid =  2016112126687 and status in(0,1) )  [ RunTime:0.0004s ]
INFO: [ app_end ] --START--
INFO: Run Behavior\ShowPageTraceBehavior [ RunTime:0.000934s ]
INFO: [ app_end ] --END-- [ RunTime:0.001000s ]

[ 2016-11-22T00:19:56+08:00 ] 127.0.0.1 /hongxinqun/index.php/Admin/Help/doCheckout.html
INFO: [ app_init ] --START--
INFO: Run Behavior\BuildLiteBehavior [ RunTime:0.000016s ]
INFO: [ app_init ] --END-- [ RunTime:0.000441s ]
INFO: [ app_begin ] --START--
INFO: Run Behavior\ReadHtmlCacheBehavior [ RunTime:0.000890s ]
INFO: [ app_begin ] --END-- [ RunTime:0.000937s ]
SQL: SHOW COLUMNS FROM `orders` [ RunTime:0.0034s ]
SQL: SELECT * FROM `orders` WHERE `desk` = 3 AND `status` = 0  [ RunTime:0.0003s ]
SQL: SHOW COLUMNS FROM `orders_detail` [ RunTime:0.0030s ]
SQL: SELECT * FROM `orders_detail` WHERE ( orderid =  2016112126687 and status in(0,1) )  [ RunTime:0.0003s ]
INFO: [ app_end ] --START--
INFO: Run Behavior\ShowPageTraceBehavior [ RunTime:0.001135s ]
INFO: [ app_end ] --END-- [ RunTime:0.001194s ]

[ 2016-11-22T00:20:17+08:00 ] 127.0.0.1 /hongxinqun/index.php/Admin/Index/index.html
INFO: [ app_init ] --START--
INFO: Run Behavior\BuildLiteBehavior [ RunTime:0.000016s ]
INFO: [ app_init ] --END-- [ RunTime:0.000447s ]
INFO: [ app_begin ] --START--
INFO: Run Behavior\ReadHtmlCacheBehavior [ RunTime:0.000894s ]
INFO: [ app_begin ] --END-- [ RunTime:0.000951s ]
SQL: SHOW COLUMNS FROM `desk` [ RunTime:0.0039s ]
SQL: SHOW COLUMNS FROM `orders` [ RunTime:0.0029s ]
SQL: SELECT * FROM `desk` ORDER BY status,id  [ RunTime:0.0002s ]
SQL: SELECT * FROM `orders` WHERE `desk` = 3 ORDER BY id desc LIMIT 1   [ RunTime:0.0002s ]
SQL: SELECT * FROM `orders` WHERE `desk` = 9 ORDER BY id desc LIMIT 1   [ RunTime:0.0002s ]
SQL: SELECT * FROM `orders` WHERE `desk` = 2 ORDER BY id desc LIMIT 1   [ RunTime:0.0002s ]
SQL: SELECT * FROM `orders` WHERE `desk` = 4 ORDER BY id desc LIMIT 1   [ RunTime:0.0002s ]
INFO: [ view_parse ] --START--
INFO: [ template_filter ] --START--
INFO: Run Behavior\ContentReplaceBehavior [ RunTime:0.000271s ]
INFO: [ template_filter ] --END-- [ RunTime:0.000335s ]
INFO: Run Behavior\ParseTemplateBehavior [ RunTime:0.017983s ]
INFO: [ view_parse ] --END-- [ RunTime:0.018044s ]
INFO: [ view_filter ] --START--
INFO: Run Behavior\WriteHtmlCacheBehavior [ RunTime:0.000681s ]
INFO: [ view_filter ] --END-- [ RunTime:0.000723s ]
INFO: [ app_end ] --START--
INFO: Run Behavior\ShowPageTraceBehavior [ RunTime:0.000861s ]
INFO: [ app_end ] --END-- [ RunTime:0.000903s ]

[ 2016-11-22T00:20:21+08:00 ] 127.0.0.1 /hongxinqun/index.php/Admin/Order/index.html
INFO: [ app_init ] --START--
INFO: Run Behavior\BuildLiteBehavior [ RunTime:0.000015s ]
INFO: [ app_init ] --END-- [ RunTime:0.000540s ]
INFO: [ app_begin ] --START--
INFO: Run Behavior\ReadHtmlCacheBehavior [ RunTime:0.000925s ]
INFO: [ app_begin ] --END-- [ RunTime:0.000983s ]
SQL: SHOW COLUMNS FROM `orders` [ RunTime:0.0032s ]
SQL: SELECT * FROM `orders` ORDER BY status,id desc  [ RunTime:0.0003s ]
INFO: [ view_parse ] --START--
INFO: [ template_filter ] --START--
INFO: Run Behavior\ContentReplaceBehavior [ RunTime:0.000307s ]
INFO: [ template_filter ] --END-- [ RunTime:0.000429s ]
INFO: Run Behavior\ParseTemplateBehavior [ RunTime:0.018306s ]
INFO: [ view_parse ] --END-- [ RunTime:0.018405s ]
INFO: [ view_filter ] --START--
INFO: Run Behavior\WriteHtmlCacheBehavior [ RunTime:0.000713s ]
INFO: [ view_filter ] --END-- [ RunTime:0.000756s ]
INFO: [ app_end ] --START--
INFO: Run Behavior\ShowPageTraceBehavior [ RunTime:0.000872s ]
INFO: [ app_end ] --END-- [ RunTime:0.000915s ]

[ 2016-11-22T00:20:24+08:00 ] 127.0.0.1 /hongxinqun/index.php/Admin/Order/detail/orderid/2016112126687.html
INFO: [ app_init ] --START--
INFO: Run Behavior\BuildLiteBehavior [ RunTime:0.000014s ]
INFO: [ app_init ] --END-- [ RunTime:0.000417s ]
INFO: [ app_begin ] --START--
INFO: Run Behavior\ReadHtmlCacheBehavior [ RunTime:0.000926s ]
INFO: [ app_begin ] --END-- [ RunTime:0.000984s ]
SQL: SHOW COLUMNS FROM `orders` [ RunTime:0.0034s ]
SQL: SELECT * FROM `orders` WHERE `orderid` = '2016112126687'  [ RunTime:0.0003s ]
SQL: SHOW COLUMNS FROM `orders_detail` [ RunTime:0.0030s ]
SQL: SELECT * FROM `orders_detail` WHERE `orderid` = '2016112126687'  [ RunTime:0.0003s ]
SQL: SHOW COLUMNS FROM `foods` [ RunTime:0.0028s ]
SQL: SELECT `picname` FROM `foods` WHERE `id` = 77  [ RunTime:0.0002s ]
SQL: SELECT `picname` FROM `foods` WHERE `id` = 90  [ RunTime:0.0002s ]
INFO: [ view_parse ] --START--
INFO: [ template_filter ] --START--
INFO: Run Behavior\ContentReplaceBehavior [ RunTime:0.000259s ]
INFO: [ template_filter ] --END-- [ RunTime:0.000319s ]
INFO: Run Behavior\ParseTemplateBehavior [ RunTime:0.019100s ]
INFO: [ view_parse ] --END-- [ RunTime:0.019179s ]
INFO: [ view_filter ] --START--
INFO: Run Behavior\WriteHtmlCacheBehavior [ RunTime:0.000672s ]
INFO: [ view_filter ] --END-- [ RunTime:0.000713s ]
INFO: [ app_end ] --START--
INFO: Run Behavior\ShowPageTraceBehavior [ RunTime:0.000864s ]
INFO: [ app_end ] --END-- [ RunTime:0.000906s ]

[ 2016-11-22T00:20:27+08:00 ] 127.0.0.1 /hongxinqun/index.php/Admin/Index/index.html
INFO: [ app_init ] --START--
INFO: Run Behavior\BuildLiteBehavior [ RunTime:0.000014s ]
INFO: [ app_init ] --END-- [ RunTime:0.000404s ]
INFO: [ app_begin ] --START--
INFO: Run Behavior\ReadHtmlCacheBehavior [ RunTime:0.000887s ]
INFO: [ app_begin ] --END-- [ RunTime:0.000942s ]
SQL: SHOW COLUMNS FROM `desk` [ RunTime:0.0030s ]
SQL: SHOW COLUMNS FROM `orders` [ RunTime:0.0027s ]
SQL: SELECT * FROM `desk` ORDER BY status,id  [ RunTime:0.0002s ]
SQL: SELECT * FROM `orders` WHERE `desk` = 3 ORDER BY id desc LIMIT 1   [ RunTime:0.0002s ]
SQL: SELECT * FROM `orders` WHERE `desk` = 9 ORDER BY id desc LIMIT 1   [ RunTime:0.0002s ]
SQL: SELECT * FROM `orders` WHERE `desk` = 2 ORDER BY id desc LIMIT 1   [ RunTime:0.0002s ]
SQL: SELECT * FROM `orders` WHERE `desk` = 4 ORDER BY id desc LIMIT 1   [ RunTime:0.0002s ]
INFO: [ view_parse ] --START--
INFO: [ template_filter ] --START--
INFO: Run Behavior\ContentReplaceBehavior [ RunTime:0.000257s ]
INFO: [ template_filter ] --END-- [ RunTime:0.000315s ]
INFO: Run Behavior\ParseTemplateBehavior [ RunTime:0.018155s ]
INFO: [ view_parse ] --END-- [ RunTime:0.018207s ]
INFO: [ view_filter ] --START--
INFO: Run Behavior\WriteHtmlCacheBehavior [ RunTime:0.000744s ]
INFO: [ view_filter ] --END-- [ RunTime:0.000787s ]
INFO: [ app_end ] --START--
INFO: Run Behavior\ShowPageTraceBehavior [ RunTime:0.000872s ]
INFO: [ app_end ] --END-- [ RunTime:0.000915s ]

[ 2016-11-22T00:25:49+08:00 ] 127.0.0.1 /hongxinqun/index.php/Admin/Order/index.html
INFO: [ app_init ] --START--
INFO: Run Behavior\BuildLiteBehavior [ RunTime:0.000014s ]
INFO: [ app_init ] --END-- [ RunTime:0.000485s ]
INFO: [ app_begin ] --START--
INFO: Run Behavior\ReadHtmlCacheBehavior [ RunTime:0.001594s ]
INFO: [ app_begin ] --END-- [ RunTime:0.001727s ]
SQL: SHOW COLUMNS FROM `orders` [ RunTime:0.0039s ]
SQL: SELECT * FROM `orders` ORDER BY status,id desc  [ RunTime:0.0005s ]
INFO: [ view_parse ] --START--
INFO: [ template_filter ] --START--
INFO: Run Behavior\ContentReplaceBehavior [ RunTime:0.000248s ]
INFO: [ template_filter ] --END-- [ RunTime:0.000316s ]
INFO: Run Behavior\ParseTemplateBehavior [ RunTime:0.017878s ]
INFO: [ view_parse ] --END-- [ RunTime:0.017954s ]
INFO: [ view_filter ] --START--
INFO: Run Behavior\WriteHtmlCacheBehavior [ RunTime:0.000672s ]
INFO: [ view_filter ] --END-- [ RunTime:0.000712s ]
INFO: [ app_end ] --START--
INFO: Run Behavior\ShowPageTraceBehavior [ RunTime:0.000865s ]
INFO: [ app_end ] --END-- [ RunTime:0.000907s ]

[ 2016-11-22T00:25:50+08:00 ] 127.0.0.1 /hongxinqun/index.php/Admin/Index/index.html
INFO: [ app_init ] --START--
INFO: Run Behavior\BuildLiteBehavior [ RunTime:0.000021s ]
INFO: [ app_init ] --END-- [ RunTime:0.000702s ]
INFO: [ app_begin ] --START--
INFO: Run Behavior\ReadHtmlCacheBehavior [ RunTime:0.001203s ]
INFO: [ app_begin ] --END-- [ RunTime:0.001293s ]
SQL: SHOW COLUMNS FROM `desk` [ RunTime:0.0031s ]
SQL: SHOW COLUMNS FROM `orders` [ RunTime:0.0028s ]
SQL: SELECT * FROM `desk` ORDER BY status,id  [ RunTime:0.0003s ]
SQL: SELECT * FROM `orders` WHERE `desk` = 3 ORDER BY id desc LIMIT 1   [ RunTime:0.0002s ]
SQL: SELECT * FROM `orders` WHERE `desk` = 9 ORDER BY id desc LIMIT 1   [ RunTime:0.0002s ]
SQL: SELECT * FROM `orders` WHERE `desk` = 2 ORDER BY id desc LIMIT 1   [ RunTime:0.0002s ]
SQL: SELECT * FROM `orders` WHERE `desk` = 4 ORDER BY id desc LIMIT 1   [ RunTime:0.0002s ]
INFO: [ view_parse ] --START--
INFO: [ template_filter ] --START--
INFO: Run Behavior\ContentReplaceBehavior [ RunTime:0.000320s ]
INFO: [ template_filter ] --END-- [ RunTime:0.000386s ]
INFO: Run Behavior\ParseTemplateBehavior [ RunTime:0.019101s ]
INFO: [ view_parse ] --END-- [ RunTime:0.019216s ]
INFO: [ view_filter ] --START--
INFO: Run Behavior\WriteHtmlCacheBehavior [ RunTime:0.000802s ]
INFO: [ view_filter ] --END-- [ RunTime:0.000844s ]
INFO: [ app_end ] --START--
INFO: Run Behavior\ShowPageTraceBehavior [ RunTime:0.001080s ]
INFO: [ app_end ] --END-- [ RunTime:0.001132s ]

